<?xml version="1.0" encoding="UTF-8"?>
<!-- Generated by org.testng.reporters.JUnitXMLReporter -->
<testsuite ignored="0" hostname="HP" failures="1" tests="2" name="Surefire test" time="5.344" errors="0" timestamp="2023-12-27T14:32:04 IST">
  <testcase classname="com.ajio.web.tests.login.LoginTest" name="initAjioWebSite" time="5.293"/>
  <testcase classname="com.ajio.web.tests.login.LoginTest" name="loginWithInvalidDetalis" time="0.0">
    <failure type="org.testng.TestNGException" message="
Cannot inject @Test annotated Method [loginWithInvalidDetalis] with [class java.lang.String].
For more information on native dependency injection please refer to https://testng.org/doc/documentation-main.html#native-dependency-injection">
      <![CDATA[org.testng.TestNGException: 
Cannot inject @Test annotated Method [loginWithInvalidDetalis] with [class java.lang.String].
For more information on native dependency injection please refer to https://testng.org/doc/documentation-main.html#native-dependency-injection
at java.base/java.util.ArrayList.forEach(ArrayList.java:1511)
... Removed 31 stack frames]]>
    </failure>
  </testcase> <!-- loginWithInvalidDetalis -->
</testsuite> <!-- Surefire test -->
